2016-11-24 06:19:23 [@SONGJO]
Internal #1: Launch createinquest
2016-11-24 06:23:36 [2@SONGJO]
Internal #1: Launch watcher
2016-11-24 06:24:08 [@SONGJO]
Internal #1: Launch ticketrecurrent
2016-11-24 06:31:24 [2@SONGJO]
Internal #1: Launch planningrecall
2016-11-24 06:39:52 [2@SONGJO]
Internal #1: Launch queuedmail
2016-11-24 06:40:54 [@SONGJO]
Internal #1: Launch queuedmailclean
2016-11-24 06:48:16 [2@SONGJO]
Internal #1: Launch temp
2016-11-24 06:48:38 [2@SONGJO]
Internal #1: Launch mailgateerror
2016-11-24 06:48:53 [@SONGJO]
Internal #1: Launch contract
2016-11-24 06:54:08 [2@SONGJO]
Internal #1: Launch infocom
2016-11-24 07:04:47 [2@SONGJO]
Internal #1: Launch optimize
2016-11-24 07:11:06 [2@SONGJO]
Internal #1: Launch mailgate
2016-11-24 07:16:12 [2@SONGJO]
Internal #1: Launch session
2016-11-24 07:22:09 [2@SONGJO]
Internal #1: Launch graph
2016-11-24 07:33:01 [2@SONGJO]
Internal #1: Launch reservation
2016-11-24 07:37:18 [@SONGJO]
Internal #1: Launch closeticket
2016-11-24 07:42:35 [2@SONGJO]
Internal #1: Launch alertnotclosed
2016-11-24 08:09:09 [2@SONGJO]
Internal #1: Launch slaticket
2016-11-24 08:15:18 [2@SONGJO]
Internal #1: Launch planningrecall
2016-11-24 08:21:51 [@SONGJO]
Internal #1: Launch queuedmail
2016-11-24 08:27:11 [2@SONGJO]
Internal #1: Launch mailgate
2016-11-24 08:32:53 [2@SONGJO]
Internal #1: Launch ticketrecurrent
2016-11-24 08:37:57 [2@SONGJO]
Internal #1: Launch temp
2016-11-24 08:42:07 [2@SONGJO]
Internal #1: Launch slaticket
2016-11-24 08:47:24 [2@SONGJO]
Internal #1: Launch planningrecall
2016-11-24 08:53:02 [2@SONGJO]
Internal #1: Launch graph
2016-11-24 08:57:36 [2@SONGJO]
Internal #1: Launch queuedmail
2016-11-24 09:07:44 [2@SONGJO]
Internal #1: Launch reservation
2016-11-24 09:12:48 [2@SONGJO]
Internal #1: Launch mailgate
2016-11-24 09:38:40 [2@SONGJO]
Internal #1: Launch slaticket
2016-11-24 09:43:07 [@SONGJO]
Internal #1: Launch planningrecall
2016-11-24 09:56:34 [2@SONGJO]
Internal #1: Launch queuedmail
2016-11-24 10:02:07 [2@SONGJO]
Internal #1: Launch mailgate
2016-11-25 01:05:07 [@SONGJO]
Internal #1: Launch ticketrecurrent
2016-11-25 01:25:50 [@SONGJO]
Internal #1: Launch temp
2016-11-25 01:28:47 [2@SONGJO]
内部 #1: 起動 slaticket
2016-11-25 01:30:31 [@SONGJO]
Internal #1: Launch planningrecall
2016-11-25 01:35:52 [2@SONGJO]
Internal #1: Launch graph
2016-11-25 01:35:57 [2@SONGJO]
Internal #1: Launch queuedmail
2016-11-25 01:41:17 [2@SONGJO]
Internal #1: Launch reservation
2016-11-25 01:50:00 [2@SONGJO]
Internal #1: Launch mailgate
2016-11-25 01:56:10 [2@SONGJO]
Internal #1: Launch closeticket
2016-11-25 02:06:04 [2@SONGJO]
Internal #1: Launch alertnotclosed
2016-11-25 02:11:12 [2@SONGJO]
Internal #1: Launch slaticket
2016-11-25 02:16:42 [2@SONGJO]
Internal #1: Launch planningrecall
2016-11-25 02:28:36 [2@SONGJO]
Internal #1: Launch queuedmail
2016-11-25 02:33:41 [2@SONGJO]
Internal #1: Launch mailgate
2016-11-25 02:46:22 [2@SONGJO]
Internal #1: Launch ticketrecurrent
2016-11-25 02:59:12 [2@SONGJO]
Internal #1: Launch slaticket
2016-11-25 03:03:46 [2@SONGJO]
Internal #1: Launch planningrecall
2016-11-25 03:11:23 [2@SONGJO]
Internal #1: Launch temp
2016-11-25 03:15:33 [2@SONGJO]
Internal #1: Launch queuedmail
2016-11-25 03:32:33 [@SONGJO]
Internal #1: Launch graph
2016-11-25 03:34:02 [2@SONGJO]
Internal #1: Launch reservation
2016-11-25 03:48:20 [2@SONGJO]
Internal #1: Launch mailgate
2016-11-25 03:51:52 [@SONGJO]
Internal #1: Launch slaticket
2016-11-25 03:54:25 [2@SONGJO]
Internal #1: Launch planningrecall
2016-11-25 03:57:32 [2@SONGJO]
Internal #1: Launch queuedmail
2016-11-25 05:37:26 [2@SONGJO]
Internal #1: Launch ticketrecurrent
2016-11-25 05:54:30 [2@SONGJO]
Internal #1: Launch slaticket
2016-11-25 06:04:02 [2@SONGJO]
Internal #1: Launch mailgate
2016-11-25 06:07:16 [2@SONGJO]
Internal #1: Launch queuedmail
2016-11-25 06:08:15 [2@SONGJO]
Internal #1: Launch planningrecall
2016-11-25 06:15:27 [2@SONGJO]
Internal #1: Launch temp
2016-11-25 06:20:41 [2@SONGJO]
Internal #1: Launch graph
2016-11-25 06:27:44 [2@SONGJO]
Internal #1: Launch reservation
2016-11-25 07:17:52 [@SONGJO]
Internal #1: Launch slaticket
2016-11-25 07:19:48 [@SONGJO]
Internal #1: Launch queuedmail
2016-11-25 07:27:20 [2@SONGJO]
Internal #1: Launch planningrecall
2016-11-25 07:41:16 [2@SONGJO]
Internal #1: Launch mailgate
2016-11-25 07:46:16 [2@SONGJO]
Internal #1: Launch createinquest
2016-11-25 07:52:19 [2@SONGJO]
Internal #1: Launch watcher
2016-11-25 08:24:12 [2@SONGJO]
Internal #1: Launch ticketrecurrent
2016-11-25 09:46:37 [@SONGJO]
Internal #1: Launch queuedmailclean
2016-11-25 09:51:48 [2@SONGJO]
Internal #1: Launch contract
2016-11-25 09:54:20 [@SONGJO]
Internal #1: Launch mailgateerror
2016-11-28 01:20:26 [@SONGJO]
Internal #1: Launch infocom
2016-11-28 01:23:09 [@SONGJO]
Internal #1: Launch temp
2016-11-28 01:31:54 [2@SONGJO]
Internal #1: Launch session
2016-11-28 01:32:00 [2@SONGJO]
Internal #1: Launch graph
2016-11-28 01:34:48 [2@SONGJO]
Internal #1: Launch queuedmail
2016-11-28 01:46:38 [2@SONGJO]
Internal #1: Launch slaticket
2016-11-28 02:08:44 [2@SONGJO]
Internal #1: Launch reservation
2016-11-28 02:20:54 [2@SONGJO]
Internal #1: Launch planningrecall
2016-11-28 02:29:02 [2@SONGJO]
Internal #1: Launch mailgate
2016-11-28 02:34:06 [2@SONGJO]
Internal #1: Launch ticketrecurrent
2016-11-28 02:47:59 [2@SONGJO]
Internal #1: Launch closeticket
2016-11-28 02:53:55 [@SONGJO]
Internal #1: Launch alertnotclosed
2016-11-28 02:54:04 [@SONGJO]
Internal #1: Launch createinquest
2016-11-28 03:00:03 [2@SONGJO]
Internal #1: Launch watcher
2016-11-28 03:05:25 [2@SONGJO]
Internal #1: Launch queuedmailclean
2016-11-28 03:19:51 [2@SONGJO]
Internal #1: Launch contract
2016-11-28 03:30:38 [2@SONGJO]
Internal #1: Launch mailgateerror
2016-11-28 03:35:04 [2@SONGJO]
Internal #1: Launch queuedmail
2016-11-28 03:41:22 [2@SONGJO]
Internal #1: Launch slaticket
2016-11-28 03:46:41 [2@SONGJO]
Internal #1: Launch temp
2016-11-28 03:53:20 [2@SONGJO]
Internal #1: Launch planningrecall
2016-11-28 05:31:08 [@SONGJO]
Internal #1: Launch graph
2016-11-28 05:36:18 [2@SONGJO]
Internal #1: Launch mailgate
2016-11-28 05:40:50 [@SONGJO]
Internal #1: Launch reservation
2016-11-28 05:45:55 [9@SONGJO]
Internal #1: Launch ticketrecurrent
2016-11-28 05:48:02 [@SONGJO]
Internal #1: Launch queuedmail
2016-11-28 05:54:09 [2@SONGJO]
Internal #1: Launch slaticket
2016-11-28 05:54:10 [@SONGJO]
Internal #1: Launch planningrecall
2016-11-28 05:57:02 [@SONGJO]
Internal #1: Launch temp
2016-11-28 05:58:02 [@SONGJO]
Internal #1: Launch mailgate
2016-11-28 06:03:28 [9@SONGJO]
Internal #1: Launch queuedmail
2016-11-28 06:05:15 [@SONGJO]
Internal #1: Launch slaticket
2016-11-28 06:11:09 [2@SONGJO]
Internal #1: Launch planningrecall
2016-11-28 06:27:42 [2@SONGJO]
Internal #1: Launch queuedmail
2016-11-28 06:28:01 [2@SONGJO]
Internal #1: Launch mailgate
2016-11-28 06:28:15 [2@SONGJO]
Internal #1: Launch slaticket
2016-11-28 06:29:30 [2@SONGJO]
Internal #1: Launch planningrecall
2016-11-28 06:29:58 [2@SONGJO]
Internal #1: Launch queuedmail
2016-11-28 06:30:11 [2@SONGJO]
Internal #1: Launch queuedmail
2016-11-28 06:30:13 [2@SONGJO]
Internal #1: Nothing to launch
2016-11-28 06:30:14 [2@SONGJO]
Internal #1: Nothing to launch
2016-11-28 06:30:27 [2@SONGJO]
Internal #1: Nothing to launch
2016-11-28 06:30:51 [2@SONGJO]
Internal #1: Nothing to launch
2016-11-28 06:32:59 [2@SONGJO]
Internal #1: Launch graph
2016-11-28 06:58:07 [2@SONGJO]
Internal #1: Launch queuedmail
2016-11-28 06:58:22 [2@SONGJO]
Internal #1: Launch slaticket
2016-11-28 08:08:16 [@SONGJO]
Internal #1: Launch planningrecall
2016-11-28 08:39:07 [2@SONGJO]
Internal #1: Launch mailgate
2016-11-28 08:50:18 [2@SONGJO]
Internal #1: Launch reservation
2016-11-28 09:01:28 [2@SONGJO]
Internal #1: Launch ticketrecurrent
2016-11-28 09:01:35 [2@SONGJO]
Internal #1: Launch temp
2016-11-28 09:04:15 [@SONGJO]
Internal #1: Launch queuedmail
2016-11-29 01:20:15 [@SONGJO]
Internal #1: Launch slaticket
2016-11-29 01:21:01 [2@SONGJO]
Internal #1: Launch graph
2016-11-29 01:29:37 [2@SONGJO]
Internal #1: Launch planningrecall
2016-11-29 01:31:30 [2@SONGJO]
Internal #1: Launch mailgate
2016-11-29 01:31:47 [2@SONGJO]
Internal #1: Launch queuedmail
2016-11-29 01:43:42 [2@SONGJO]
Internal #1: Launch reservation
2016-11-29 01:49:39 [2@SONGJO]
Internal #1: Launch ticketrecurrent
2016-11-29 01:52:48 [2@SONGJO]
Internal #1: Launch temp
2016-11-29 01:53:21 [2@SONGJO]
Internal #1: Launch closeticket
2016-11-29 01:54:52 [2@SONGJO]
Internal #1: Launch alertnotclosed
2016-11-29 01:55:34 [2@SONGJO]
Internal #1: Launch infocom
2016-11-29 01:55:57 [2@SONGJO]
Internal #1: Launch slaticket
2016-11-29 01:56:05 [2@SONGJO]
Internal #1: Launch session
2016-11-29 01:56:39 [2@SONGJO]
Internal #1: Launch queuedmail
2016-11-29 01:58:27 [@SONGJO]
Internal #1: Launch planningrecall
2016-11-29 01:58:52 [2@SONGJO]
Internal #1: Launch mailgate
2016-11-29 01:59:10 [@SONGJO]
Internal #1: Launch queuedmail
2016-11-29 02:04:03 [2@SONGJO]
Internal #1: Launch slaticket
2016-11-29 03:25:50 [2@SONGJO]
Internal #1: Launch queuedmail
2016-11-29 03:57:51 [2@SONGJO]
Internal #1: Launch planningrecall
2016-11-29 03:59:13 [@SONGJO]
Internal #1: Launch mailgate
2016-11-29 03:59:56 [@SONGJO]
Internal #1: Launch slaticket
2016-11-29 04:00:05 [@SONGJO]
Internal #1: Launch graph
2016-11-29 04:00:11 [@SONGJO]
Internal #1: Launch reservation
2016-11-29 05:34:45 [@SONGJO]
Internal #1: Launch ticketrecurrent
2016-11-29 05:34:50 [@SONGJO]
Internal #1: Launch temp
2016-11-29 05:39:45 [@SONGJO]
Internal #1: Launch createinquest
2016-11-29 05:39:50 [@SONGJO]
Internal #1: Launch watcher
2016-11-29 05:43:04 [@SONGJO]
Internal #1: Launch queuedmailclean
2016-11-29 05:45:08 [@SONGJO]
Internal #1: Launch contract
2016-11-29 05:48:45 [@SONGJO]
Internal #1: Launch queuedmail
2016-11-29 06:09:02 [@SONGJO]
Internal #1: Launch mailgateerror
2016-11-29 06:10:36 [@SONGJO]
Internal #1: Launch planningrecall
2016-11-29 06:20:43 [@SONGJO]
Internal #1: Launch slaticket
2016-11-29 06:21:23 [@SONGJO]
Internal #1: Launch mailgate
2016-11-29 06:22:01 [@SONGJO]
Internal #1: Launch graph
2016-11-29 06:22:23 [@SONGJO]
Internal #1: Launch reservation
2016-11-29 06:22:55 [@SONGJO]
Internal #1: Launch queuedmail
2016-11-29 06:23:12 [@SONGJO]
Internal #1: Launch planningrecall
2016-11-29 06:25:49 [@SONGJO]
Internal #1: Launch queuedmail
2016-11-29 06:28:34 [@SONGJO]
Internal #1: Launch slaticket
2016-11-29 06:29:24 [2@SONGJO]
Internal #1: Launch queuedmail
2016-11-29 06:29:39 [@SONGJO]
Internal #1: Launch planningrecall
2016-11-29 06:29:47 [@SONGJO]
Internal #1: Nothing to launch
2016-11-29 06:30:34 [@SONGJO]
Internal #1: Launch queuedmail
2016-11-29 06:37:04 [@SONGJO]
Internal #1: Launch mailgate
2016-11-29 06:37:10 [@SONGJO]
Internal #1: Launch queuedmail
2016-11-29 06:57:27 [@SONGJO]
Internal #1: Launch slaticket
2016-11-29 06:57:59 [@SONGJO]
Internal #1: Launch ticketrecurrent
2016-11-29 06:58:04 [@SONGJO]
Internal #1: Launch planningrecall
2016-11-29 06:59:35 [@SONGJO]
Internal #1: Launch temp
2016-11-29 07:00:24 [@SONGJO]
Internal #1: Launch queuedmail
2016-11-29 07:01:16 [@SONGJO]
Internal #1: Launch mailgate
2016-11-29 07:02:26 [@SONGJO]
Internal #1: Launch queuedmail
2016-11-29 07:03:13 [@SONGJO]
Internal #1: Launch slaticket
2016-11-29 07:03:43 [@SONGJO]
Internal #1: Launch planningrecall
2016-11-29 07:04:25 [@SONGJO]
Internal #1: Launch queuedmail
2016-11-29 07:05:02 [2@SONGJO]
Internal #1: Launch queuedmail
2016-11-29 07:05:10 [@SONGJO]
Internal #1: Nothing to launch
2016-11-29 07:05:17 [@SONGJO]
Internal #1: Nothing to launch
2016-11-29 07:05:28 [@SONGJO]
Internal #1: Nothing to launch
2016-11-29 07:07:06 [@SONGJO]
Internal #1: Launch queuedmail
2016-11-29 07:07:11 [@SONGJO]
Internal #1: Nothing to launch
2016-11-29 07:08:04 [@SONGJO]
Internal #1: Launch slaticket
2016-11-29 07:08:10 [@SONGJO]
Internal #1: Launch planningrecall
2016-11-29 07:09:19 [@SONGJO]
Internal #1: Launch queuedmail
2016-11-29 07:10:57 [@SONGJO]
Internal #1: Launch queuedmail
2016-11-29 07:12:14 [@SONGJO]
Internal #1: Launch mailgate
2016-11-29 07:12:38 [@SONGJO]
Internal #1: Launch queuedmail
2016-11-29 07:13:01 [@SONGJO]
Internal #1: Launch slaticket
2016-11-29 07:13:10 [@SONGJO]
Internal #1: Launch planningrecall
2016-11-29 07:14:43 [@SONGJO]
Internal #1: Launch queuedmail
2016-11-29 07:23:36 [@SONGJO]
Internal #1: Launch queuedmail
2016-11-29 07:23:48 [@SONGJO]
Internal #1: Launch slaticket
2016-11-29 07:24:45 [@SONGJO]
Internal #1: Launch planningrecall
2016-11-29 07:47:21 [@SONGJO]
Internal #1: Launch mailgate
2016-11-29 07:48:28 [@SONGJO]
Internal #1: Launch graph
2016-11-29 08:07:40 [@SONGJO]
Internal #1: Launch reservation
2016-11-29 08:07:54 [@SONGJO]
Internal #1: Launch queuedmail
2016-11-29 08:08:36 [2@SONGJO]
Internal #1: Launch slaticket
2016-11-29 08:09:38 [@SONGJO]
Internal #1: Launch planningrecall
2016-11-29 08:11:59 [2@SONGJO]
Internal #1: Launch mailgate
2016-11-29 08:29:39 [2@SONGJO]
Internal #1: Launch ticketrecurrent
2016-11-29 08:49:49 [@SONGJO]
Internal #1: Launch temp
2016-11-29 09:05:14 [2@SONGJO]
Internal #1: Launch queuedmail
2016-11-29 09:24:12 [2@SONGJO]
Internal #1: Launch slaticket
2016-11-29 09:42:12 [2@SONGJO]
Internal #1: Launch planningrecall
2016-11-29 09:44:41 [2@SONGJO]
Internal #1: Launch mailgate
2016-11-29 09:53:11 [2@SONGJO]
Internal #1: Launch graph
2016-11-30 02:53:50 [@SONGJO]
Internal #1: Launch queuedmail
2016-11-30 05:35:37 [2@SONGJO]
Internal #1: Launch reservation
2016-11-30 05:41:10 [2@SONGJO]
Internal #1: Launch slaticket
2016-11-30 05:46:00 [@SONGJO]
Internal #1: Launch ticketrecurrent
2016-11-30 05:51:16 [2@SONGJO]
Internal #1: Launch planningrecall
2016-11-30 06:05:03 [2@SONGJO]
Internal #1: Launch temp
2016-11-30 06:05:24 [2@SONGJO]
Internal #1: Launch mailgate
2016-11-30 06:05:27 [@SONGJO]
Internal #1: Launch graph
2016-11-30 06:05:42 [@SONGJO]
Internal #1: Launch closeticket
2016-11-30 06:23:19 [2@SONGJO]
Internal #1: Launch alertnotclosed
2016-11-30 06:48:07 [2@SONGJO]
Internal #1: Launch infocom
2016-11-30 07:27:48 [2@SONGJO]
Internal #1: Launch session
2016-11-30 07:45:44 [@SONGJO]
Internal #1: Launch queuedmail
2016-11-30 07:51:55 [2@SONGJO]
Internal #1: Launch createinquest
2016-11-30 07:52:19 [@SONGJO]
Internal #1: Launch watcher
2016-11-30 07:59:59 [2@SONGJO]
Internal #1: Launch queuedmailclean
2016-11-30 08:07:03 [2@SONGJO]
Internal #1: Launch contract
2016-11-30 08:29:25 [2@SONGJO]
Internal #1: Launch slaticket
2016-11-30 08:35:31 [2@SONGJO]
Internal #1: Launch planningrecall
2016-11-30 08:49:09 [2@SONGJO]
Internal #1: Launch mailgateerror
2016-11-30 09:04:14 [2@SONGJO]
Internal #1: Launch mailgate
2016-11-30 09:10:06 [2@SONGJO]
Internal #1: Launch reservation
2016-11-30 09:24:30 [2@SONGJO]
Internal #1: Launch ticketrecurrent
2016-11-30 09:33:41 [2@SONGJO]
Internal #1: Launch graph
2016-11-30 09:49:46 [2@SONGJO]
Internal #1: Launch temp
2016-11-30 09:58:58 [2@SONGJO]
Internal #1: Launch queuedmail
2016-11-30 09:59:53 [@SONGJO]
Internal #1: Launch slaticket
2016-11-30 10:06:57 [@SONGJO]
Internal #1: Launch planningrecall
2016-12-01 01:16:25 [@SONGJO]
Internal #1: Launch mailgate
2016-12-01 01:22:34 [2@SONGJO]
Internal #1: Launch queuedmail
2016-12-01 01:28:37 [2@SONGJO]
Internal #1: Launch slaticket
2016-12-01 01:33:37 [2@SONGJO]
Internal #1: Launch reservation
2016-12-01 01:53:10 [2@SONGJO]
Internal #1: Launch planningrecall
2016-12-01 01:58:15 [2@SONGJO]
Internal #1: Launch ticketrecurrent
2016-12-01 02:10:29 [2@SONGJO]
Internal #1: Launch graph
2016-12-01 02:15:33 [2@SONGJO]
Internal #1: Launch temp
2016-12-01 02:21:19 [2@SONGJO]
Internal #1: Launch closeticket
2016-12-01 02:26:37 [2@SONGJO]
Internal #1: Launch alertnotclosed
2016-12-01 02:34:19 [2@SONGJO]
Internal #1: Launch queuedmail
2016-12-01 02:40:13 [2@SONGJO]
Internal #1: Launch mailgate
2016-12-01 02:42:09 [2@SONGJO]
Internal #1: Launch slaticket
2016-12-01 02:51:41 [@SONGJO]
Internal #1: Launch planningrecall
2016-12-01 02:51:51 [@SONGJO]
Internal #1: Launch reservation
2016-12-01 03:00:30 [2@SONGJO]
Internal #1: Launch queuedmail
2016-12-01 03:00:41 [2@SONGJO]
Internal #1: Launch slaticket
2016-12-01 03:06:49 [2@SONGJO]
Internal #1: Launch mailgate
2016-12-01 03:20:03 [2@SONGJO]
Internal #1: Launch planningrecall
2016-12-01 03:25:48 [2@SONGJO]
Internal #1: Launch ticketrecurrent
2016-12-01 03:43:04 [2@SONGJO]
Internal #1: Launch queuedmail
2016-12-01 03:48:43 [2@SONGJO]
Internal #1: Launch slaticket
2016-12-01 03:57:46 [2@SONGJO]
Internal #1: Launch graph
2016-12-01 05:30:15 [2@SONGJO]
Internal #1: Launch temp
2016-12-01 05:41:24 [2@SONGJO]
Internal #1: Launch mailgate
2016-12-01 05:44:02 [@SONGJO]
Internal #1: Launch planningrecall
2016-12-01 05:47:52 [2@SONGJO]
Internal #1: Launch queuedmail
2016-12-01 05:57:23 [2@SONGJO]
Internal #1: Launch reservation
2016-12-01 06:01:16 [2@SONGJO]
Internal #1: Launch slaticket
2016-12-01 06:04:08 [@SONGJO]
Internal #1: Launch ticketrecurrent
2016-12-01 06:04:15 [@SONGJO]
Internal #1: Launch graph
2016-12-01 06:16:49 [2@SONGJO]
Internal #1: Launch queuedmail
2016-12-01 06:27:04 [2@SONGJO]
Internal #1: Launch planningrecall
2016-12-01 06:33:56 [2@SONGJO]
Internal #1: Launch mailgate
2016-12-01 06:44:14 [2@SONGJO]
Internal #1: Launch slaticket
2016-12-01 06:49:31 [2@SONGJO]
Internal #1: Launch queuedmail
2016-12-01 06:56:43 [2@SONGJO]
Internal #1: Launch temp
2016-12-01 07:05:14 [2@SONGJO]
Internal #1: Launch planningrecall
2016-12-01 07:13:29 [2@SONGJO]
Internal #1: Launch mailgate
2016-12-01 07:51:24 [2@SONGJO]
Internal #1: Launch infocom
2016-12-01 07:57:53 [2@SONGJO]
Internal #1: Launch slaticket
2016-12-01 08:01:41 [2@SONGJO]
Internal #1: Launch queuedmail
2016-12-01 08:09:36 [2@SONGJO]
Internal #1: Launch reservation
2016-12-01 08:18:28 [2@SONGJO]
Internal #1: Launch optimize
2016-12-01 08:23:37 [2@SONGJO]
Internal #1: Launch graph
2016-12-01 08:30:16 [2@SONGJO]
Internal #1: Launch ticketrecurrent
2016-12-01 08:40:22 [2@SONGJO]
Internal #1: Launch planningrecall
2016-12-01 08:48:26 [2@SONGJO]
Internal #1: Launch mailgate
2016-12-01 09:04:09 [2@SONGJO]
Internal #1: Launch session
2016-12-01 09:10:29 [2@SONGJO]
Internal #1: Launch createinquest
2016-12-01 09:17:46 [2@SONGJO]
Internal #1: Launch watcher
2016-12-01 09:24:55 [2@SONGJO]
Internal #1: Launch temp
2016-12-01 09:30:23 [2@SONGJO]
Internal #1: Launch queuedmailclean
2016-12-01 09:40:10 [2@SONGJO]
Internal #1: Launch slaticket
2016-12-01 09:45:53 [2@SONGJO]
Internal #1: Launch queuedmail
2016-12-01 09:50:59 [2@SONGJO]
Internal #1: Launch contract
2016-12-01 09:53:35 [@SONGJO]
Internal #1: Launch planningrecall
2016-12-01 10:04:49 [2@SONGJO]
Internal #1: Launch mailgateerror
2016-12-01 10:10:19 [2@SONGJO]
Internal #1: Launch mailgate
2016-12-01 10:15:20 [2@SONGJO]
Internal #1: Launch reservation
2016-12-01 10:16:47 [@SONGJO]
Internal #1: Launch graph
2016-12-02 02:01:52 [@SONGJO]
Internal #1: Launch ticketrecurrent
2016-12-02 02:16:36 [@SONGJO]
Internal #1: Launch slaticket
2016-12-02 02:16:47 [@SONGJO]
Internal #1: Launch queuedmail
2016-12-02 02:23:21 [2@SONGJO]
Internal #1: Launch planningrecall
2016-12-02 02:27:18 [2@SONGJO]
Internal #1: Launch mailgate
2016-12-02 02:32:30 [2@SONGJO]
Internal #1: Launch temp
2016-12-02 02:37:37 [2@SONGJO]
Internal #1: Launch reservation
2016-12-02 02:43:27 [2@SONGJO]
Internal #1: Launch graph
2016-12-02 02:48:56 [2@SONGJO]
Internal #1: Launch closeticket
2016-12-02 02:54:26 [2@SONGJO]
Internal #1: Launch alertnotclosed
2016-12-02 03:09:12 [2@SONGJO]
Internal #1: Launch queuedmail
2016-12-02 03:16:09 [2@SONGJO]
Internal #1: Launch slaticket
2016-12-02 03:25:15 [2@SONGJO]
Internal #1: Launch planningrecall
