2016-11-24 06:19:29 [2@SONGJO]
[login] 3: glpi log in from IP ::1
2016-11-24 06:24:17 [@SONGJO]
[login] 3: glpi log in from IP 192.168.0.168
2016-11-24 06:39:54 [2@SONGJO]
[login] 3: glpi log in from IP 192.168.0.168
2016-11-24 06:41:00 [@SONGJO]
[login] 3: glpi log in from IP ::1
2016-11-24 06:48:59 [@SONGJO]
[login] 3: glpi log in from IP ::1
2016-11-24 06:54:17 [2@SONGJO]
[login] 3: glpi log in from IP ::1
2016-11-24 07:37:26 [@SONGJO]
[login] 3: glpi log in from IP 192.168.0.165
2016-11-24 08:22:00 [@SONGJO]
[login] 3: glpi log in from IP 192.168.0.168
2016-11-24 08:42:10 [2@SONGJO]
[login] 3: glpi log in from IP 192.168.0.168
2016-11-24 09:43:14 [@SONGJO]
[login] 3: Failed login for glpi from IP ::1
2016-11-24 09:43:20 [@SONGJO]
[login] 3: glpi log in from IP ::1
2016-11-25 01:05:18 [@SONGJO]
[login] 3: glpi log in from IP 192.168.0.165
2016-11-25 01:25:58 [@SONGJO]
[login] 3: glpi logged in from IP 192.168.0.165
2016-11-25 01:28:54 [2@SONGJO]
[login] 3: glpi は IP: 192.168.0.165 からログインしました
2016-11-25 01:30:37 [@SONGJO]
[login] 3: glpi log in from IP ::1
2016-11-25 01:36:02 [2@SONGJO]
[login] 3: glpi log in from IP ::1
2016-11-25 02:17:06 [2@SONGJO]
[login] 3: glpi log in from IP ::1
2016-11-25 02:59:22 [2@SONGJO]
[login] 3: glpi log in from IP ::1
2016-11-25 03:03:52 [2@SONGJO]
[login] 3: glpi log in from IP ::1
2016-11-25 03:15:38 [2@SONGJO]
[login] 3: glpi log in from IP ::1
2016-11-25 03:32:43 [@SONGJO]
[login] 3: glpi log in from IP ::1
2016-11-25 03:34:09 [2@SONGJO]
[login] 3: glpi log in from IP ::1
2016-11-25 03:48:29 [2@SONGJO]
[login] 3: glpi log in from IP ::1
2016-11-25 03:52:06 [@SONGJO]
[login] 3: glpi log in from IP ::1
2016-11-25 03:54:29 [2@SONGJO]
[login] 3: glpi log in from IP ::1
2016-11-25 03:57:39 [2@SONGJO]
[login] 3: glpi log in from IP ::1
2016-11-25 06:04:11 [2@SONGJO]
[login] 3: glpi log in from IP ::1
2016-11-25 06:07:24 [2@SONGJO]
[login] 3: glpi log in from IP ::1
2016-11-25 06:08:23 [2@SONGJO]
[login] 3: glpi log in from IP ::1
2016-11-25 07:17:59 [@SONGJO]
[login] 3: glpi log in from IP ::1
2016-11-25 07:20:37 [@SONGJO]
[login] 3: glpi log in from IP ::1
2016-11-25 09:46:43 [@SONGJO]
[login] 3: glpi 가 IP ::1 로 접속했습니다
2016-11-25 09:54:26 [@SONGJO]
[login] 3: glpi 가 IP ::1 로 접속했습니다
2016-11-28 01:20:42 [@SONGJO]
[login] 3: glpi 가 IP ::1 로 접속에 실패했습니다
2016-11-28 01:23:14 [@SONGJO]
[login] 3: glpi 가 IP ::1 로 접속했습니다
2016-11-28 01:35:47 [2@SONGJO]
[login] 3: glpi 가 IP ::1 로 접속했습니다
2016-11-28 02:54:08 [@SONGJO]
[login] 3: glpi 가 IP ::1 로 접속했습니다
2016-11-28 03:35:36 [2@SONGJO]
[login] 3: glpi 가 IP ::1 로 접속했습니다
2016-11-28 05:31:17 [@SONGJO]
[login] 3: glpi 가 IP ::1 로 접속했습니다
2016-11-28 05:40:53 [@SONGJO]
[login] 3: test 가 IP ::1 로 접속했습니다
2016-11-28 05:48:08 [@SONGJO]
[login] 3: glpi 가 IP ::1 로 접속했습니다
2016-11-28 05:54:16 [@SONGJO]
[login] 3: test 가 IP ::1 로 접속했습니다
2016-11-28 05:57:11 [@SONGJO]
[login] 3: glpi 가 IP ::1 로 접속했습니다
2016-11-28 05:58:07 [@SONGJO]
[login] 3: test 가 IP ::1 로 접속했습니다
2016-11-28 06:05:22 [@SONGJO]
[login] 3: glpi 가 IP ::1 로 접속했습니다
2016-11-28 08:08:24 [@SONGJO]
[login] 3: glpi 가 IP ::1 로 접속했습니다
2016-11-28 08:50:23 [2@SONGJO]
[login] 3: glpi 가 IP ::1 로 접속했습니다
2016-11-28 09:01:41 [2@SONGJO]
[login] 3: glpi 가 IP ::1 로 접속했습니다
2016-11-29 01:20:32 [@SONGJO]
[login] 3: glpi 가 IP ::1 로 접속했습니다
2016-11-29 01:58:35 [@SONGJO]
[login] 3: glpi 가 IP ::1 로 접속했습니다
2016-11-29 01:59:05 [2@SONGJO]
[login] 3:  가 IP ::1 로 접속에 실패했습니다
2016-11-29 01:59:15 [@SONGJO]
[login] 3: glpi 가 IP ::1 로 접속했습니다
2016-11-29 03:25:54 [2@SONGJO]
[login] 3: glpi 가 IP ::1 로 접속했습니다
2016-11-29 06:23:09 [@SONGJO]
[login] 3: sognjo@ji-in.com 가 IP ::1 로 접속에 실패했습니다
2016-11-29 06:28:39 [@SONGJO]
[login] 3: glpi 가 IP ::1 로 접속에 실패했습니다
2016-11-29 06:28:46 [@SONGJO]
[login] 3: glpi 가 IP ::1 로 접속했습니다
2016-11-29 06:30:43 [@SONGJO]
[login] 3: glpi 가 IP ::1 로 접속했습니다
2016-11-29 07:04:29 [@SONGJO]
[login] 3: glpi 가 IP ::1 로 접속했습니다
2016-11-29 07:05:26 [@SONGJO]
[login] 3: songjo@ji-in.com 가 IP ::1 로 접속에 실패했습니다
2016-11-29 07:05:48 [@SONGJO]
[login] 3: songjo@ji-in.com 가 IP ::1 로 접속에 실패했습니다
2016-11-29 07:13:07 [@SONGJO]
[login] 3: songjo@ji-in.com 가 IP ::1 로 접속에 실패했습니다
2016-11-29 07:23:41 [@SONGJO]
[login] 3: songjo@ji-in.com 가 IP ::1 로 접속에 실패했습니다
2016-11-29 07:23:58 [@SONGJO]
[login] 3: songjo@ji-in.com 가 IP ::1 로 접속에 실패했습니다
2016-11-29 07:24:51 [@SONGJO]
[login] 3: songjo@ji-in.com 가 IP ::1 로 접속에 실패했습니다
2016-11-29 08:07:51 [@SONGJO]
[login] 3: glpi 가 IP ::1 로 접속에 실패했습니다
2016-11-29 08:08:01 [@SONGJO]
[login] 3: glpi 가 IP ::1 로 접속했습니다
2016-11-29 08:09:43 [@SONGJO]
[login] 3: glpi 가 IP ::1 로 접속했습니다
2016-11-29 08:12:03 [2@SONGJO]
[login] 3: glpi 가 IP ::1 로 접속했습니다
2016-11-29 08:29:45 [2@SONGJO]
[login] 3: glpi 가 IP ::1 로 접속했습니다
2016-11-29 08:49:57 [@SONGJO]
[login] 3: glpi 가 IP ::1 로 접속했습니다
2016-11-29 09:05:18 [2@SONGJO]
[login] 3: glpi 가 IP ::1 로 접속했습니다
2016-11-29 09:44:53 [2@SONGJO]
[login] 3: glpi 가 IP ::1 로 접속했습니다
2016-11-30 02:53:59 [@SONGJO]
[login] 3: glpi 가 IP ::1 로 접속했습니다
2016-11-30 05:46:05 [@SONGJO]
[login] 3: glpi 가 IP ::1 로 접속했습니다
2016-11-30 06:05:48 [@SONGJO]
[login] 3: glpi 가 IP ::1 로 접속했습니다
2016-11-30 07:46:22 [@SONGJO]
[login] 3: glpi 가 IP ::1 로 접속했습니다
2016-11-30 07:52:03 [2@SONGJO]
[login] 3: glpi 가 IP ::1 로 접속에 실패했습니다
2016-11-30 07:52:12 [2@SONGJO]
[login] 3: glpi 가 IP ::1 로 접속에 실패했습니다
2016-11-30 07:52:23 [@SONGJO]
[login] 3: glpi 가 IP ::1 로 접속했습니다
2016-11-30 09:59:59 [@SONGJO]
[login] 3: glpi 가 IP ::1 로 접속했습니다
2016-11-30 10:07:06 [@SONGJO]
[login] 3: glpi 가 IP 192.168.1.6 로 접속했습니다
2016-12-01 01:17:03 [@SONGJO]
[login] 3: glpi 가 IP ::1 로 접속했습니다
2016-12-01 02:42:15 [2@SONGJO]
[login] 3: glpi 가 IP ::1 로 접속했습니다
2016-12-01 02:51:48 [@SONGJO]
[login] 3: glpi 가 IP ::1 로 접속에 실패했습니다
2016-12-01 02:51:57 [@SONGJO]
[login] 3: glpi 가 IP ::1 로 접속했습니다
2016-12-01 03:00:45 [2@SONGJO]
[login] 3: glpi 가 IP ::1 로 접속했습니다
2016-12-01 05:30:20 [2@SONGJO]
[login] 3: glpi 가 IP ::1 로 접속했습니다
2016-12-01 05:41:29 [2@SONGJO]
[login] 3: glpi 가 IP ::1 로 접속했습니다
2016-12-01 05:44:06 [@SONGJO]
[login] 3: glpi 가 IP ::1 로 접속했습니다
2016-12-01 05:47:56 [2@SONGJO]
[login] 3: glpi 가 IP ::1 로 접속했습니다
2016-12-01 06:01:22 [2@SONGJO]
[login] 3: glpi 가 IP ::1 로 접속했습니다
2016-12-01 06:04:12 [@SONGJO]
[login] 3: glpi 가 IP ::1 로 접속에 실패했습니다
2016-12-01 06:04:19 [@SONGJO]
[login] 3: glpi 가 IP ::1 로 접속했습니다
2016-12-01 07:51:28 [2@SONGJO]
[login] 3: glpi 가 IP ::1 로 접속했습니다
2016-12-01 08:01:49 [2@SONGJO]
[login] 3: glpi 가 IP ::1 로 접속했습니다
2016-12-01 09:58:56 [@SONGJO]
[login] 3: glpi 가 IP ::1 로 접속했습니다
2016-12-02 02:02:11 [@SONGJO]
[login] 3: glpi 가 IP 192.168.1.7 로 접속했습니다
2016-12-02 02:16:44 [@SONGJO]
[login] 3: gpi 가 IP ::1 로 접속에 실패했습니다
2016-12-02 02:16:51 [@SONGJO]
[login] 3: glpi 가 IP ::1 로 접속했습니다
2016-12-02 02:27:24 [2@SONGJO]
[login] 3: glpi 가 IP ::1 로 접속했습니다
